0 info it worked if it ends with ok
1 verbose cli [ 'c:\\Program Files\\nodejs\\node.exe',
1 verbose cli   'c:\\Program Files\\nodejs\\node_modules\\npm\\bin\\npm-cli.js',
1 verbose cli   'publish' ]
2 info using npm@1.2.21
3 info using node@v0.10.7
4 verbose publish [ '.' ]
5 verbose read json c:\xampp\htdocs\github\grunt-prepare-images\_web\package.json
6 warn package.json grunt-prepare-images@0.1.0 No repository field.
7 warn package.json grunt-prepare-images@0.1.0 No readme data.
8 verbose cache add [ '.', null ]
9 verbose cache add name=undefined spec="." args=[".",null]
10 verbose parsed url { protocol: null,
10 verbose parsed url   slashes: null,
10 verbose parsed url   auth: null,
10 verbose parsed url   host: null,
10 verbose parsed url   port: null,
10 verbose parsed url   hostname: null,
10 verbose parsed url   hash: null,
10 verbose parsed url   search: null,
10 verbose parsed url   query: null,
10 verbose parsed url   pathname: '.',
10 verbose parsed url   path: '.',
10 verbose parsed url   href: '.' }
11 silly lockFile 3a52ce78- .
12 verbose lock . C:\Users\OLee\AppData\Roaming\npm-cache\3a52ce78-.lock
13 verbose read json package.json
14 verbose tar pack [ 'C:\\Users\\OLee\\AppData\\Local\\Temp\\npm-5520\\1374156682888-0.8808543453924358\\tmp.tgz',
14 verbose tar pack   '.' ]
15 verbose tarball C:\Users\OLee\AppData\Local\Temp\npm-5520\1374156682888-0.8808543453924358\tmp.tgz
16 verbose folder .
17 info prepublish grunt-prepare-images@0.1.0
18 silly lockFile 3a52ce78- .
19 verbose lock . C:\Users\OLee\AppData\Roaming\npm-cache\3a52ce78-.lock
20 silly lockFile d5fe213f-82888-0-8808543453924358-tmp-tgz C:\Users\OLee\AppData\Local\Temp\npm-5520\1374156682888-0.8808543453924358\tmp.tgz
21 verbose lock C:\Users\OLee\AppData\Local\Temp\npm-5520\1374156682888-0.8808543453924358\tmp.tgz C:\Users\OLee\AppData\Roaming\npm-cache\d5fe213f-82888-0-8808543453924358-tmp-tgz.lock
22 silly lockFile 3a52ce78- .
23 silly lockFile 3a52ce78- .
24 silly lockFile d5fe213f-82888-0-8808543453924358-tmp-tgz C:\Users\OLee\AppData\Local\Temp\npm-5520\1374156682888-0.8808543453924358\tmp.tgz
25 silly lockFile d5fe213f-82888-0-8808543453924358-tmp-tgz C:\Users\OLee\AppData\Local\Temp\npm-5520\1374156682888-0.8808543453924358\tmp.tgz
26 verbose tar unpack C:\Users\OLee\AppData\Local\Temp\npm-5520\1374156682888-0.8808543453924358\tmp.tgz
27 silly lockFile 09f2c696-82888-0-8808543453924358-package C:\Users\OLee\AppData\Local\Temp\npm-5520\1374156682888-0.8808543453924358\package
28 verbose lock C:\Users\OLee\AppData\Local\Temp\npm-5520\1374156682888-0.8808543453924358\package C:\Users\OLee\AppData\Roaming\npm-cache\09f2c696-82888-0-8808543453924358-package.lock
29 silly lockFile d5fe213f-82888-0-8808543453924358-tmp-tgz C:\Users\OLee\AppData\Local\Temp\npm-5520\1374156682888-0.8808543453924358\tmp.tgz
30 verbose lock C:\Users\OLee\AppData\Local\Temp\npm-5520\1374156682888-0.8808543453924358\tmp.tgz C:\Users\OLee\AppData\Roaming\npm-cache\d5fe213f-82888-0-8808543453924358-tmp-tgz.lock
31 silly gunzTarPerm modes [ '755', '644' ]
32 silly gunzTarPerm extractEntry package.json
33 silly gunzTarPerm modified mode [ 'package.json', 438, 420 ]
34 silly gunzTarPerm extractEntry tasks/prepare-images.js
35 silly gunzTarPerm modified mode [ 'tasks/prepare-images.js', 438, 420 ]
36 verbose read json C:\Users\OLee\AppData\Local\Temp\npm-5520\1374156682888-0.8808543453924358\package\package.json
37 silly lockFile 09f2c696-82888-0-8808543453924358-package C:\Users\OLee\AppData\Local\Temp\npm-5520\1374156682888-0.8808543453924358\package
38 silly lockFile 09f2c696-82888-0-8808543453924358-package C:\Users\OLee\AppData\Local\Temp\npm-5520\1374156682888-0.8808543453924358\package
39 silly lockFile d5fe213f-82888-0-8808543453924358-tmp-tgz C:\Users\OLee\AppData\Local\Temp\npm-5520\1374156682888-0.8808543453924358\tmp.tgz
40 silly lockFile d5fe213f-82888-0-8808543453924358-tmp-tgz C:\Users\OLee\AppData\Local\Temp\npm-5520\1374156682888-0.8808543453924358\tmp.tgz
41 verbose from cache C:\Users\OLee\AppData\Local\Temp\npm-5520\1374156682888-0.8808543453924358\package\package.json
42 verbose tar pack [ 'C:\\Users\\OLee\\AppData\\Roaming\\npm-cache\\grunt-prepare-images\\0.1.0\\package.tgz',
42 verbose tar pack   'C:\\Users\\OLee\\AppData\\Local\\Temp\\npm-5520\\1374156682888-0.8808543453924358\\package' ]
43 verbose tarball C:\Users\OLee\AppData\Roaming\npm-cache\grunt-prepare-images\0.1.0\package.tgz
44 verbose folder C:\Users\OLee\AppData\Local\Temp\npm-5520\1374156682888-0.8808543453924358\package
45 silly lockFile 09f2c696-82888-0-8808543453924358-package C:\Users\OLee\AppData\Local\Temp\npm-5520\1374156682888-0.8808543453924358\package
46 verbose lock C:\Users\OLee\AppData\Local\Temp\npm-5520\1374156682888-0.8808543453924358\package C:\Users\OLee\AppData\Roaming\npm-cache\09f2c696-82888-0-8808543453924358-package.lock
47 silly lockFile 0605fd9b-prepare-images-0-1-0-package-tgz C:\Users\OLee\AppData\Roaming\npm-cache\grunt-prepare-images\0.1.0\package.tgz
48 verbose lock C:\Users\OLee\AppData\Roaming\npm-cache\grunt-prepare-images\0.1.0\package.tgz C:\Users\OLee\AppData\Roaming\npm-cache\0605fd9b-prepare-images-0-1-0-package-tgz.lock
49 silly lockFile 09f2c696-82888-0-8808543453924358-package C:\Users\OLee\AppData\Local\Temp\npm-5520\1374156682888-0.8808543453924358\package
50 silly lockFile 09f2c696-82888-0-8808543453924358-package C:\Users\OLee\AppData\Local\Temp\npm-5520\1374156682888-0.8808543453924358\package
51 silly lockFile 0605fd9b-prepare-images-0-1-0-package-tgz C:\Users\OLee\AppData\Roaming\npm-cache\grunt-prepare-images\0.1.0\package.tgz
52 silly lockFile 0605fd9b-prepare-images-0-1-0-package-tgz C:\Users\OLee\AppData\Roaming\npm-cache\grunt-prepare-images\0.1.0\package.tgz
53 silly lockFile e63a769f-unt-prepare-images-0-1-0-package C:\Users\OLee\AppData\Roaming\npm-cache\grunt-prepare-images\0.1.0\package
54 verbose lock C:\Users\OLee\AppData\Roaming\npm-cache\grunt-prepare-images\0.1.0\package C:\Users\OLee\AppData\Roaming\npm-cache\e63a769f-unt-prepare-images-0-1-0-package.lock
55 silly lockFile e63a769f-unt-prepare-images-0-1-0-package C:\Users\OLee\AppData\Roaming\npm-cache\grunt-prepare-images\0.1.0\package
56 silly lockFile e63a769f-unt-prepare-images-0-1-0-package C:\Users\OLee\AppData\Roaming\npm-cache\grunt-prepare-images\0.1.0\package
57 verbose tar unpack C:\Users\OLee\AppData\Roaming\npm-cache\grunt-prepare-images\0.1.0\package.tgz
58 silly lockFile e63a769f-unt-prepare-images-0-1-0-package C:\Users\OLee\AppData\Roaming\npm-cache\grunt-prepare-images\0.1.0\package
59 verbose lock C:\Users\OLee\AppData\Roaming\npm-cache\grunt-prepare-images\0.1.0\package C:\Users\OLee\AppData\Roaming\npm-cache\e63a769f-unt-prepare-images-0-1-0-package.lock
60 silly lockFile 0605fd9b-prepare-images-0-1-0-package-tgz C:\Users\OLee\AppData\Roaming\npm-cache\grunt-prepare-images\0.1.0\package.tgz
61 verbose lock C:\Users\OLee\AppData\Roaming\npm-cache\grunt-prepare-images\0.1.0\package.tgz C:\Users\OLee\AppData\Roaming\npm-cache\0605fd9b-prepare-images-0-1-0-package-tgz.lock
62 silly gunzTarPerm modes [ '755', '644' ]
63 silly gunzTarPerm extractEntry package.json
64 silly gunzTarPerm modified mode [ 'package.json', 438, 420 ]
65 silly gunzTarPerm extractEntry tasks/prepare-images.js
66 silly gunzTarPerm modified mode [ 'tasks/prepare-images.js', 438, 420 ]
67 verbose read json C:\Users\OLee\AppData\Roaming\npm-cache\grunt-prepare-images\0.1.0\package\package.json
68 silly lockFile e63a769f-unt-prepare-images-0-1-0-package C:\Users\OLee\AppData\Roaming\npm-cache\grunt-prepare-images\0.1.0\package
69 silly lockFile e63a769f-unt-prepare-images-0-1-0-package C:\Users\OLee\AppData\Roaming\npm-cache\grunt-prepare-images\0.1.0\package
70 silly lockFile 0605fd9b-prepare-images-0-1-0-package-tgz C:\Users\OLee\AppData\Roaming\npm-cache\grunt-prepare-images\0.1.0\package.tgz
71 silly lockFile 0605fd9b-prepare-images-0-1-0-package-tgz C:\Users\OLee\AppData\Roaming\npm-cache\grunt-prepare-images\0.1.0\package.tgz
72 verbose from cache C:\Users\OLee\AppData\Roaming\npm-cache\grunt-prepare-images\0.1.0\package\package.json
73 verbose chmod C:\Users\OLee\AppData\Roaming\npm-cache\grunt-prepare-images\0.1.0\package.tgz 644
74 silly chown skipping for windows C:\Users\OLee\AppData\Roaming\npm-cache\grunt-prepare-images\0.1.0\package.tgz
75 silly lockFile 3a52ce78- .
76 silly publish { name: 'grunt-prepare-images',
76 silly publish   description: 'convert images smaller than defined file size to dataurls, create stylus var definitions out of all images and create stylus group files by directories in the image folder',
76 silly publish   author: { name: 'Oliver Liermann', email: 'liermann@strg-agency.de' },
76 silly publish   main: 'tasks/prepare-images.js',
76 silly publish   version: '0.1.0',
76 silly publish   dependencies:
76 silly publish    { grunt: '~0.4.1',
76 silly publish      'node-fs': 'https://github.com/bpedro/node-fs/tarball/master',
76 silly publish      gm: 'https://github.com/aheckmann/gm/tarball/master' },
76 silly publish   readmeFilename: 'README.md',
76 silly publish   readme: 'ERROR: No README data found!',
76 silly publish   _id: 'grunt-prepare-images@0.1.0',
76 silly publish   dist: { shasum: '8913ac4ed1969b5e454ec7e8126aefdca50fdf54' },
76 silly publish   _from: '.' }
77 verbose url raw grunt-prepare-images
78 verbose url resolving [ 'https://registry.npmjs.org/', './grunt-prepare-images' ]
79 verbose url resolved https://registry.npmjs.org/grunt-prepare-images
80 info trying registry request attempt 1 at 16:12:22
81 http PUT https://registry.npmjs.org/grunt-prepare-images
82 http 409 https://registry.npmjs.org/grunt-prepare-images
83 verbose url raw grunt-prepare-images
84 verbose url resolving [ 'https://registry.npmjs.org/', './grunt-prepare-images' ]
85 verbose url resolved https://registry.npmjs.org/grunt-prepare-images
86 info trying registry request attempt 1 at 16:12:24
87 http GET https://registry.npmjs.org/grunt-prepare-images
88 http 200 https://registry.npmjs.org/grunt-prepare-images
89 error publish fail Cannot publish over existing version.
89 error publish fail Update the 'version' field in package.json and try again.
89 error publish fail
89 error publish fail If the previous version was published in error, see:
89 error publish fail     npm help unpublish
89 error publish fail
89 error publish fail To automatically increment version numbers, see:
89 error publish fail     npm help version
90 error System Windows_NT 6.1.7601
91 error command "c:\\Program Files\\nodejs\\node.exe" "c:\\Program Files\\nodejs\\node_modules\\npm\\bin\\npm-cli.js" "publish"
92 error cwd c:\xampp\htdocs\github\grunt-prepare-images\_web
93 error node -v v0.10.7
94 error npm -v 1.2.21
95 error code EPUBLISHCONFLICT
96 verbose exit [ 1, true ]
